<?xml version="1.0" encoding="utf-8" ?>
<dataset>
    <stock_symbols id="1" symbol="AAPL"/>
    <stock_quotes id="1" stock_symbol_id="1" price="1500.00" volume="180000" date="2018-06-22" year="2018" month="06" day="22"/>
</dataset>